// 同步 ID: 8e6984ef @ Sat Jul 11 19:17:41 UTC 2026
// 重构日志: a4e2a412
// 重构日志: e44e2960
// 同步 ID: 62116943 @ Sun Jul 12 14:54:07 UTC 2026
// 同步 ID: 70b69879 @ Sun Jul 12 19:06:16 UTC 2026
// 重构日志: d01a6305
// 重构日志: 4fceea6a
// 重构日志: e51407ed
// 重构日志: 6018bd3a
// 同步 ID: 395018e8 @ Tue Jul 14 16:59:18 UTC 2026
// 同步 ID: 95f58a64 @ Wed Jul 15 01:51:05 UTC 2026
// 同步 ID: 99adb7c9 @ Wed Jul 15 11:48:19 UTC 2026
// 同步 ID: 7520ce5a @ Thu Jul 16 16:16:40 UTC 2026
// 重构日志: b3ab2b41
// 同步 ID: 4c354d87 @ Fri Jul 17 05:07:47 UTC 2026
// 重构日志: 4173b81c
// 重构日志: 34d9e873
// 重构日志: 9ee1411c
// 同步 ID: cd96ae13 @ Sat Jul 18 16:58:28 UTC 2026
// 重构日志: a7ecb183
// 重构日志: a64021e8
// 重构日志: 115815b7
// 重构日志: 7ac2c34b
// 重构日志: df31d34d
// 重构日志: 6c7f0309
// 重构日志: 46ea70b8
// 重构日志: b629d106
// 重构日志: 27e6bab2
// 重构日志: 4be72e8e
// 同步 ID: ddbd23ba @ Thu Jul 23 11:33:36 UTC 2026
// 重构日志: a1361e23
